   1              		.syntax unified
   2              		.cpu cortex-m3
   3              		.fpu softvfp
   4              		.eabi_attribute 20, 1
   5              		.eabi_attribute 21, 1
   6              		.eabi_attribute 23, 3
   7              		.eabi_attribute 24, 1
   8              		.eabi_attribute 25, 1
   9              		.eabi_attribute 26, 1
  10              		.eabi_attribute 30, 6
  11              		.eabi_attribute 34, 1
  12              		.eabi_attribute 18, 4
  13              		.thumb
  14              		.file	"led.cpp"
  15              		.text
  16              	.Ltext0:
  17              		.cfi_sections	.debug_frame
  18              		.section	.text._Z7ledInitv,"ax",%progbits
  19              		.align	2
  20              		.global	_Z7ledInitv
  21              		.thumb
  22              		.thumb_func
  24              	_Z7ledInitv:
  25              	.LFB29:
  26              		.file 1 "../src/led.cpp"
   1:../src/led.cpp **** /*
   2:../src/led.cpp ****  * led.c
   3:../src/led.cpp ****  *
   4:../src/led.cpp ****  *  Created on: 26-12-2012
   5:../src/led.cpp ****  *      Author: jachu
   6:../src/led.cpp ****  */
   7:../src/led.cpp **** #include "led.h"
   8:../src/led.cpp **** #include <stm32f10x_rcc.h>
   9:../src/led.cpp **** #include <stm32f10x_gpio.h>
  10:../src/led.cpp **** 
  11:../src/led.cpp **** void ledInit(){
  27              		.loc 1 11 0
  28              		.cfi_startproc
  29              		@ args = 0, pretend = 0, frame = 8
  30              		@ frame_needed = 1, uses_anonymous_args = 0
  31 0000 80B5     		push	{r7, lr}
  32              	.LCFI0:
  33              		.cfi_def_cfa_offset 8
  34              		.cfi_offset 14, -4
  35              		.cfi_offset 7, -8
  36 0002 82B0     		sub	sp, sp, #8
  37              	.LCFI1:
  38              		.cfi_def_cfa_offset 16
  39 0004 00AF     		add	r7, sp, #0
  40              	.LCFI2:
  41              		.cfi_def_cfa_register 7
  42              	.LBB2:
  12:../src/led.cpp **** 	RCC_APB2PeriphClockCmd(RCC_APB2Periph_GPIOB, ENABLE);
  43              		.loc 1 12 0
  44 0006 4FF00800 		mov	r0, #8
  45 000a 4FF00101 		mov	r1, #1
  46 000e FFF7FEFF 		bl	RCC_APB2PeriphClockCmd
  13:../src/led.cpp **** 	RCC_APB2PeriphClockCmd(RCC_APB2Periph_AFIO, ENABLE);
  47              		.loc 1 13 0
  48 0012 4FF00100 		mov	r0, #1
  49 0016 4FF00101 		mov	r1, #1
  50 001a FFF7FEFF 		bl	RCC_APB2PeriphClockCmd
  14:../src/led.cpp **** 	GPIO_PinRemapConfig(GPIO_Remap_SWJ_JTAGDisable, ENABLE);
  51              		.loc 1 14 0
  52 001e 4FF40070 		mov	r0, #512
  53 0022 C0F23000 		movt	r0, 48
  54 0026 4FF00101 		mov	r1, #1
  55 002a FFF7FEFF 		bl	GPIO_PinRemapConfig
  15:../src/led.cpp **** 	GPIO_InitTypeDef gpioInit;
  16:../src/led.cpp **** 	gpioInit.GPIO_Pin = LED1 | LED2 | LED3 | LED4;
  56              		.loc 1 16 0
  57 002e 4FF47063 		mov	r3, #3840
  58 0032 BB80     		strh	r3, [r7, #4]	@ movhi
  17:../src/led.cpp **** 	gpioInit.GPIO_Mode = GPIO_Mode_Out_PP;
  59              		.loc 1 17 0
  60 0034 4FF01003 		mov	r3, #16
  61 0038 FB71     		strb	r3, [r7, #7]
  18:../src/led.cpp **** 	gpioInit.GPIO_Speed = GPIO_Speed_2MHz;
  62              		.loc 1 18 0
  63 003a 4FF00203 		mov	r3, #2
  64 003e BB71     		strb	r3, [r7, #6]
  19:../src/led.cpp **** 	GPIO_Init(GPIOB, &gpioInit);
  65              		.loc 1 19 0
  66 0040 07F10403 		add	r3, r7, #4
  67 0044 4FF44060 		mov	r0, #3072
  68 0048 C4F20100 		movt	r0, 16385
  69 004c 1946     		mov	r1, r3
  70 004e FFF7FEFF 		bl	GPIO_Init
  71              	.LBE2:
  20:../src/led.cpp **** }
  72              		.loc 1 20 0
  73 0052 07F10807 		add	r7, r7, #8
  74 0056 BD46     		mov	sp, r7
  75 0058 80BD     		pop	{r7, pc}
  76              		.cfi_endproc
  77              	.LFE29:
  79 005a 00BF     		.section	.text._Z6ledSett,"ax",%progbits
  80              		.align	2
  81              		.global	_Z6ledSett
  82              		.thumb
  83              		.thumb_func
  85              	_Z6ledSett:
  86              	.LFB30:
  21:../src/led.cpp **** 
  22:../src/led.cpp **** void ledSet(uint16_t mask){
  87              		.loc 1 22 0
  88              		.cfi_startproc
  89              		@ args = 0, pretend = 0, frame = 8
  90              		@ frame_needed = 1, uses_anonymous_args = 0
  91 0000 80B5     		push	{r7, lr}
  92              	.LCFI3:
  93              		.cfi_def_cfa_offset 8
  94              		.cfi_offset 14, -4
  95              		.cfi_offset 7, -8
  96 0002 82B0     		sub	sp, sp, #8
  97              	.LCFI4:
  98              		.cfi_def_cfa_offset 16
  99 0004 00AF     		add	r7, sp, #0
 100              	.LCFI5:
 101              		.cfi_def_cfa_register 7
 102 0006 0346     		mov	r3, r0
 103 0008 FB80     		strh	r3, [r7, #6]	@ movhi
  23:../src/led.cpp **** 	GPIO_ResetBits(GPIOB, mask);
 104              		.loc 1 23 0
 105 000a FB88     		ldrh	r3, [r7, #6]
 106 000c 4FF44060 		mov	r0, #3072
 107 0010 C4F20100 		movt	r0, 16385
 108 0014 1946     		mov	r1, r3
 109 0016 FFF7FEFF 		bl	GPIO_ResetBits
  24:../src/led.cpp **** }
 110              		.loc 1 24 0
 111 001a 07F10807 		add	r7, r7, #8
 112 001e BD46     		mov	sp, r7
 113 0020 80BD     		pop	{r7, pc}
 114              		.cfi_endproc
 115              	.LFE30:
 117 0022 00BF     		.section	.text._Z8ledResett,"ax",%progbits
 118              		.align	2
 119              		.global	_Z8ledResett
 120              		.thumb
 121              		.thumb_func
 123              	_Z8ledResett:
 124              	.LFB31:
  25:../src/led.cpp **** 
  26:../src/led.cpp **** void ledReset(uint16_t mask){
 125              		.loc 1 26 0
 126              		.cfi_startproc
 127              		@ args = 0, pretend = 0, frame = 8
 128              		@ frame_needed = 1, uses_anonymous_args = 0
 129 0000 80B5     		push	{r7, lr}
 130              	.LCFI6:
 131              		.cfi_def_cfa_offset 8
 132              		.cfi_offset 14, -4
 133              		.cfi_offset 7, -8
 134 0002 82B0     		sub	sp, sp, #8
 135              	.LCFI7:
 136              		.cfi_def_cfa_offset 16
 137 0004 00AF     		add	r7, sp, #0
 138              	.LCFI8:
 139              		.cfi_def_cfa_register 7
 140 0006 0346     		mov	r3, r0
 141 0008 FB80     		strh	r3, [r7, #6]	@ movhi
  27:../src/led.cpp **** 	GPIO_SetBits(GPIOB, mask);
 142              		.loc 1 27 0
 143 000a FB88     		ldrh	r3, [r7, #6]
 144 000c 4FF44060 		mov	r0, #3072
 145 0010 C4F20100 		movt	r0, 16385
 146 0014 1946     		mov	r1, r3
 147 0016 FFF7FEFF 		bl	GPIO_SetBits
  28:../src/led.cpp **** }
 148              		.loc 1 28 0
 149 001a 07F10807 		add	r7, r7, #8
 150 001e BD46     		mov	sp, r7
 151 0020 80BD     		pop	{r7, pc}
 152              		.cfi_endproc
 153              	.LFE31:
 155 0022 00BF     		.section	.text._Z9ledTogglet,"ax",%progbits
 156              		.align	2
 157              		.global	_Z9ledTogglet
 158              		.thumb
 159              		.thumb_func
 161              	_Z9ledTogglet:
 162              	.LFB32:
  29:../src/led.cpp **** 
  30:../src/led.cpp **** void ledToggle(uint16_t mask){
 163              		.loc 1 30 0
 164              		.cfi_startproc
 165              		@ args = 0, pretend = 0, frame = 16
 166              		@ frame_needed = 1, uses_anonymous_args = 0
 167 0000 80B5     		push	{r7, lr}
 168              	.LCFI9:
 169              		.cfi_def_cfa_offset 8
 170              		.cfi_offset 14, -4
 171              		.cfi_offset 7, -8
 172 0002 84B0     		sub	sp, sp, #16
 173              	.LCFI10:
 174              		.cfi_def_cfa_offset 24
 175 0004 00AF     		add	r7, sp, #0
 176              	.LCFI11:
 177              		.cfi_def_cfa_register 7
 178 0006 0346     		mov	r3, r0
 179 0008 FB80     		strh	r3, [r7, #6]	@ movhi
 180              	.LBB3:
  31:../src/led.cpp **** 	uint16_t state = GPIO_ReadOutputData(GPIOB);
 181              		.loc 1 31 0
 182 000a 4FF44060 		mov	r0, #3072
 183 000e C4F20100 		movt	r0, 16385
 184 0012 FFF7FEFF 		bl	GPIO_ReadOutputData
 185 0016 0346     		mov	r3, r0
 186 0018 FB81     		strh	r3, [r7, #14]	@ movhi
  32:../src/led.cpp **** 	state ^= (0xffff & mask);
 187              		.loc 1 32 0
 188 001a FA89     		ldrh	r2, [r7, #14]	@ movhi
 189 001c FB88     		ldrh	r3, [r7, #6]	@ movhi
 190 001e 5340     		eors	r3, r3, r2
 191 0020 FB81     		strh	r3, [r7, #14]	@ movhi
  33:../src/led.cpp **** 	GPIO_Write(GPIOB, state);
 192              		.loc 1 33 0
 193 0022 FB89     		ldrh	r3, [r7, #14]
 194 0024 4FF44060 		mov	r0, #3072
 195 0028 C4F20100 		movt	r0, 16385
 196 002c 1946     		mov	r1, r3
 197 002e FFF7FEFF 		bl	GPIO_Write
 198              	.LBE3:
  34:../src/led.cpp **** }
 199              		.loc 1 34 0
 200 0032 07F11007 		add	r7, r7, #16
 201 0036 BD46     		mov	sp, r7
 202 0038 80BD     		pop	{r7, pc}
 203              		.cfi_endproc
 204              	.LFE32:
 206 003a 00BF     		.text
 207              	.Letext0:
 208              		.file 2 "/home/jachu/elektronika/STM32/gcc-arm-none-eabi-4_6-2012q4/bin/../lib/gcc/arm-none-eabi/4
 209              		.file 3 "/home/jachu/workspaceSTM/Sumo_STM/src/stm32f10x.h"
 210              		.file 4 "/home/jachu/elektronika/STM32/STM32F10x_StdPeriph_Lib_V3.5.0/Libraries/STM32F10x_StdPerip
 211              		.file 5 "/home/jachu/elektronika/STM32/STM32F10x_StdPeriph_Lib_V3.5.0/Libraries/CMSIS/CM3/CoreSupp
DEFINED SYMBOLS
                            *ABS*:00000000 led.cpp
     /tmp/ccOcHuIT.s:19     .text._Z7ledInitv:00000000 $t
     /tmp/ccOcHuIT.s:24     .text._Z7ledInitv:00000000 _Z7ledInitv
     /tmp/ccOcHuIT.s:80     .text._Z6ledSett:00000000 $t
     /tmp/ccOcHuIT.s:85     .text._Z6ledSett:00000000 _Z6ledSett
     /tmp/ccOcHuIT.s:118    .text._Z8ledResett:00000000 $t
     /tmp/ccOcHuIT.s:123    .text._Z8ledResett:00000000 _Z8ledResett
     /tmp/ccOcHuIT.s:156    .text._Z9ledTogglet:00000000 $t
     /tmp/ccOcHuIT.s:161    .text._Z9ledTogglet:00000000 _Z9ledTogglet
                     .debug_frame:00000010 $d

UNDEFINED SYMBOLS
RCC_APB2PeriphClockCmd
GPIO_PinRemapConfig
GPIO_Init
GPIO_ResetBits
GPIO_SetBits
GPIO_ReadOutputData
GPIO_Write
